<?xml version="1.0" encoding="UTF-8"?>
<coverage generated="1689371080280" clover="3.2.0">
  <project timestamp="1689371080280" name="All files">
    <metrics statements="69" coveredstatements="59" conditionals="9" coveredconditionals="4" methods="22" coveredmethods="12" elements="100" coveredelements="75" complexity="0" loc="69" ncloc="69" packages="5" files="6" classes="6"/>
    <package name="modules.statements.entities">
      <metrics statements="19" coveredstatements="16" conditionals="3" coveredconditionals="2" methods="5" coveredmethods="2"/>
      <file name="Statement.ts" path="/home/cadumiranda/Documentos/Ignite/Node.js/ignite-challenge-6/src/modules/statements/entities/Statement.ts">
        <metrics statements="19" coveredstatements="16" conditionals="3" coveredconditionals="2" methods="5" coveredmethods="2"/>
        <line num="1" count="1" type="stmt"/>
        <line num="9" count="1" type="stmt"/>
        <line num="11" count="1" type="stmt"/>
        <line num="13" count="1" type="cond" truecount="2" falsecount="0"/>
        <line num="14" count="1" type="stmt"/>
        <line num="15" count="1" type="stmt"/>
        <line num="19" count="1" type="stmt"/>
        <line num="21" count="1" type="stmt"/>
        <line num="24" count="1" type="stmt"/>
        <line num="26" count="0" type="stmt"/>
        <line num="28" count="1" type="stmt"/>
        <line num="31" count="1" type="stmt"/>
        <line num="34" count="1" type="stmt"/>
        <line num="37" count="1" type="stmt"/>
        <line num="40" count="1" type="stmt"/>
        <line num="43" count="1" type="stmt"/>
        <line num="46" count="0" type="cond" truecount="0" falsecount="1"/>
        <line num="47" count="0" type="stmt"/>
        <line num="50" count="1" type="stmt"/>
      </file>
    </package>
    <package name="modules.users.entities">
      <metrics statements="15" coveredstatements="14" conditionals="1" coveredconditionals="1" methods="4" coveredmethods="2"/>
      <file name="User.ts" path="/home/cadumiranda/Documentos/Ignite/Node.js/ignite-challenge-6/src/modules/users/entities/User.ts">
        <metrics statements="15" coveredstatements="14" conditionals="1" coveredconditionals="1" methods="4" coveredmethods="2"/>
        <line num="1" count="1" type="stmt"/>
        <line num="8" count="1" type="stmt"/>
        <line num="10" count="1" type="stmt"/>
        <line num="13" count="1" type="stmt"/>
        <line num="15" count="1" type="stmt"/>
        <line num="18" count="1" type="stmt"/>
        <line num="21" count="1" type="stmt"/>
        <line num="24" count="1" type="stmt"/>
        <line num="26" count="0" type="stmt"/>
        <line num="27" count="1" type="stmt"/>
        <line num="30" count="1" type="stmt"/>
        <line num="33" count="1" type="stmt"/>
        <line num="36" count="1" type="cond" truecount="1" falsecount="0"/>
        <line num="37" count="1" type="stmt"/>
        <line num="40" count="1" type="stmt"/>
      </file>
    </package>
    <package name="modules.users.repositories.in-memory">
      <metrics statements="13" coveredstatements="12" conditionals="0" coveredconditionals="0" methods="6" coveredmethods="3"/>
      <file name="InMemoryUsersRepository.ts" path="/home/cadumiranda/Documentos/Ignite/Node.js/ignite-challenge-6/src/modules/users/repositories/in-memory/InMemoryUsersRepository.ts">
        <metrics statements="13" coveredstatements="12" conditionals="0" coveredconditionals="0" methods="6" coveredmethods="3"/>
        <line num="1" count="1" type="stmt"/>
        <line num="6" count="1" type="stmt"/>
        <line num="7" count="1" type="stmt"/>
        <line num="9" count="1" type="stmt"/>
        <line num="10" count="1" type="stmt"/>
        <line num="13" count="1" type="stmt"/>
        <line num="14" count="0" type="stmt"/>
        <line num="17" count="1" type="stmt"/>
        <line num="18" count="1" type="stmt"/>
        <line num="19" count="1" type="stmt"/>
        <line num="20" count="1" type="stmt"/>
        <line num="21" count="1" type="stmt"/>
        <line num="23" count="1" type="stmt"/>
      </file>
    </package>
    <package name="modules.users.useCases.createUser">
      <metrics statements="17" coveredstatements="15" conditionals="4" coveredconditionals="1" methods="5" coveredmethods="4"/>
      <file name="CreateUserError.ts" path="/home/cadumiranda/Documentos/Ignite/Node.js/ignite-challenge-6/src/modules/users/useCases/createUser/CreateUserError.ts">
        <metrics statements="4" coveredstatements="3" conditionals="2" coveredconditionals="0" methods="2" coveredmethods="1"/>
        <line num="1" count="1" type="stmt"/>
        <line num="3" count="1" type="stmt"/>
        <line num="5" count="0" type="cond" truecount="0" falsecount="2"/>
        <line num="7" count="1" type="stmt"/>
      </file>
      <file name="CreateUserUseCase.ts" path="/home/cadumiranda/Documentos/Ignite/Node.js/ignite-challenge-6/src/modules/users/useCases/createUser/CreateUserUseCase.ts">
        <metrics statements="13" coveredstatements="12" conditionals="2" coveredconditionals="1" methods="3" coveredmethods="3"/>
        <line num="1" count="1" type="stmt"/>
        <line num="2" count="1" type="stmt"/>
        <line num="4" count="1" type="stmt"/>
        <line num="10" count="1" type="stmt"/>
        <line num="13" count="1" type="stmt"/>
        <line num="16" count="1" type="stmt"/>
        <line num="17" count="1" type="cond" truecount="1" falsecount="0"/>
        <line num="19" count="1" type="cond" truecount="0" falsecount="1"/>
        <line num="20" count="0" type="stmt"/>
        <line num="23" count="1" type="stmt"/>
        <line num="25" count="1" type="stmt"/>
        <line num="31" count="1" type="stmt"/>
        <line num="33" count="1" type="stmt"/>
      </file>
    </package>
    <package name="shared.errors">
      <metrics statements="5" coveredstatements="2" conditionals="1" coveredconditionals="0" methods="2" coveredmethods="1"/>
      <file name="AppError.ts" path="/home/cadumiranda/Documentos/Ignite/Node.js/ignite-challenge-6/src/shared/errors/AppError.ts">
        <metrics statements="5" coveredstatements="2" conditionals="1" coveredconditionals="0" methods="2" coveredmethods="1"/>
        <line num="1" count="1" type="stmt"/>
        <line num="6" count="0" type="cond" truecount="0" falsecount="1"/>
        <line num="7" count="0" type="stmt"/>
        <line num="8" count="0" type="stmt"/>
        <line num="10" count="1" type="stmt"/>
      </file>
    </package>
  </project>
</coverage>
