TN:
SF:src/modules/statements/entities/Statement.ts
FN:13,(anonymous_2)
FN:19,(anonymous_3)
FN:45,Statement
FN:26,(anonymous_5)
FN:26,(anonymous_6)
FNF:5
FNH:2
FNDA:1,(anonymous_2)
FNDA:1,(anonymous_3)
FNDA:0,Statement
FNDA:0,(anonymous_5)
FNDA:0,(anonymous_6)
DA:1,1
DA:9,1
DA:11,1
DA:13,1
DA:14,1
DA:15,1
DA:19,1
DA:21,1
DA:24,1
DA:26,0
DA:28,1
DA:31,1
DA:34,1
DA:37,1
DA:40,1
DA:43,1
DA:46,0
DA:47,0
DA:50,1
LF:19
LH:16
BRDA:13,0,0,1
BRDA:13,0,1,1
BRDA:46,1,0,0
BRF:3
BRH:2
end_of_record
TN:
SF:src/modules/users/entities/User.ts
FN:13,(anonymous_2)
FN:35,User
FN:26,(anonymous_4)
FN:26,(anonymous_5)
FNF:4
FNH:2
FNDA:1,(anonymous_2)
FNDA:1,User
FNDA:0,(anonymous_4)
FNDA:0,(anonymous_5)
DA:1,1
DA:8,1
DA:10,1
DA:13,1
DA:15,1
DA:18,1
DA:21,1
DA:24,1
DA:26,0
DA:27,1
DA:30,1
DA:33,1
DA:36,1
DA:37,1
DA:40,1
LF:15
LH:14
BRDA:36,0,0,1
BRF:1
BRH:1
end_of_record
TN:
SF:src/modules/users/repositories/in-memory/InMemoryUsersRepository.ts
FN:6,(anonymous_13)
FN:9,(anonymous_15)
FN:10,(anonymous_18)
FN:13,(anonymous_19)
FN:14,(anonymous_22)
FN:17,(anonymous_23)
FNF:6
FNH:3
FNDA:2,(anonymous_13)
FNDA:1,(anonymous_15)
FNDA:0,(anonymous_18)
FNDA:0,(anonymous_19)
FNDA:0,(anonymous_22)
FNDA:1,(anonymous_23)
DA:1,1
DA:6,1
DA:7,1
DA:9,1
DA:10,1
DA:13,1
DA:14,0
DA:17,1
DA:18,1
DA:19,1
DA:20,1
DA:21,1
DA:23,1
LF:13
LH:12
BRF:0
BRH:0
end_of_record
TN:
SF:src/modules/users/useCases/createUser/CreateUserError.ts
FN:3,(anonymous_6)
FN:4,CreateUserError
FNF:2
FNH:1
FNDA:1,(anonymous_6)
FNDA:0,CreateUserError
DA:1,1
DA:3,1
DA:5,0
DA:7,1
LF:4
LH:3
BRDA:5,0,0,0
BRDA:5,0,1,0
BRF:2
BRH:0
end_of_record
TN:
SF:src/modules/users/useCases/createUser/CreateUserUseCase.ts
FN:10,(anonymous_17)
FN:11,CreateUserUseCase
FN:16,(anonymous_19)
FNF:3
FNH:3
FNDA:1,(anonymous_17)
FNDA:1,CreateUserUseCase
FNDA:1,(anonymous_19)
DA:1,1
DA:2,1
DA:4,1
DA:10,1
DA:13,1
DA:16,1
DA:17,1
DA:19,1
DA:20,0
DA:23,1
DA:25,1
DA:31,1
DA:33,1
LF:13
LH:12
BRDA:17,0,0,1
BRDA:19,1,0,0
BRF:2
BRH:1
end_of_record
TN:
SF:src/shared/errors/AppError.ts
FN:1,(anonymous_0)
FN:6,AppError
FNF:2
FNH:1
FNDA:1,(anonymous_0)
FNDA:0,AppError
DA:1,1
DA:6,0
DA:7,0
DA:8,0
DA:10,1
LF:5
LH:2
BRDA:6,0,0,0
BRF:1
BRH:0
end_of_record
